0	Jimmy	04/28/05	9825	10	291	22
0	Jimmy	02/23/05	8320	10	256	13
0	Jimmy	11/20/04	7605	10	238	8
0	Jimmy	02/06/05	7565	10	230	15
0	Jimmy	04/21/05	7105	10	214	13
0	Jimmy	02/22/05	6610	10	192	15
0	Jimmy	02/19/05	6565	10	215	3
0	Jimmy	06/03/05	6450	10	187	15
0	Jimmy	04/20/05	6225	10	178	13
0	Jimmy	01/27/05	6175	10	177	17
0	Jimmy	02/11/05	6170	10	195	6
0	Jimmy	04/19/05	5795	10	164	17
0	Jimmy	02/19/05	5760	10	174	10
0	Jimmy	12/07/04	5665	10	174	6
0	Jimmy	04/20/05	5430	10	149	18
0	Jimmy	05/01/05	5405	10	156	13
0	Jimmy	02/21/05	5320	10	160	9
0	Wendy	01/19/05	5315	10	142	17
0	Jimmy	11/25/04	5210	10	153	9
0	Jimmy	04/17/05	5090	10	152	10

1	Chris Callendar	04/17/04	5210	10	150	-1
1	Chris Callendar	04/17/04	4745	10	123	-1
1	Chris Callendar	04/16/04	4570	10	122	-1
1	Chris Callendar	04/15/04	4435	10	119	-1
1	Chris Callendar	09/16/04	4405	10	119	-1
1	Jimmy	03/01/05	4395	10	115	17
1	Jimmy	03/30/05	4360	10	128	9
1	Jimmy	03/16/05	4320	10	123	12
1	Jimmy	04/06/05	4260	10	127	7
1	Jimmy	03/02/05	4200	10	118	11
1	Jimmy	10/18/04	4195	10	107	7
1	Jimmy	03/30/05	4170	10	122	8
1	Wendy	03/20/05	4095	10	116	12
1	Jimmy	03/29/05	4070	10	109	15
1	Jimmy	10/16/04	4045	10	101	8
1	Jimmy	03/22/05	4030	10	116	10
1	Jimmy	03/30/05	4010	10	111	11
1	Jimmy	10/14/04	4010	10	100	8
1	Jimmy	03/02/05	3995	10	111	11
1	Jimmy	03/14/05	3985	10	127	2

2	Jimmy	04/15/05	3590	10	100	10
2	Jimmy	04/12/05	3535	10	100	10
2	Jimmy	04/07/05	3500	9	98	9
2	Jimmy	01/10/05	3485	9	96	10
2	Jimmy	04/14/05	3470	10	101	9
2	Jimmy	04/13/05	3465	10	100	8
2	Jimmy	04/10/05	3460	10	100	9
2	Jimmy	01/09/05	3410	9	99	6
2	Jimmy	11/07/04	3405	9	96	8
2	Jimmy	04/12/05	3395	10	100	7
2	Jimmy	04/17/05	3380	9	96	7
2	Jimmy	01/12/05	3375	9	96	8
2	Jimmy	12/29/04	3365	10	101	5
2	Jimmy	04/07/05	3365	9	91	11
2	Jimmy	11/29/04	3345	9	96	7
2	Jimmy	04/06/05	3345	9	93	9
2	Jimmy	01/09/05	3340	10	101	6
2	Jimmy	04/17/05	3340	9	94	9
2	Jimmy	03/06/05	3335	9	95	8
2	Jimmy	04/14/05	3335	9	92	10

